# JRE version: Java(TM) SE Runtime Environment (8.0_171-b11) (build 1.8.0_171-b11)
# Java VM: Java HotSpot(TM) 64-Bit Server VM (25.171-b11 mixed mode linux-amd64 compressed oops)
Heap:
 PSYoungGen      total 93184K, used 7152K [0x0000000788980000, 0x000000078eb80000, 0x00000007c0000000)
  eden space 86016K, 0% used [0x0000000788980000,0x0000000788980000,0x000000078dd80000)
  from space 7168K, 99% used [0x000000078dd80000,0x000000078e47c010,0x000000078e480000)
  to   space 7168K, 0% used [0x000000078e480000,0x000000078e480000,0x000000078eb80000)
 ParOldGen       total 114688K, used 3455K [0x0000000719c00000, 0x0000000720c00000, 0x0000000788980000)
  object space 114688K, 3% used [0x0000000719c00000,0x0000000719f5fd98,0x0000000720c00000)
 Metaspace       used 14693K, capacity 14928K, committed 15232K, reserved 1062912K
  class space    used 1732K, capacity 1810K, committed 1920K, reserved 1048576K
GC Heap History (5 events):
Event: 0.873 GC heap before
{Heap before GC invocations=1 (full 0):
 PSYoungGen      total 50176K, used 43008K [0x0000000788980000, 0x000000078c180000, 0x00000007c0000000)
  eden space 43008K, 100% used [0x0000000788980000,0x000000078b380000,0x000000078b380000)
  from space 7168K, 0% used [0x000000078ba80000,0x000000078ba80000,0x000000078c180000)
  to   space 7168K, 0% used [0x000000078b380000,0x000000078b380000,0x000000078ba80000)
 ParOldGen       total 114688K, used 0K [0x0000000719c00000, 0x0000000720c00000, 0x0000000788980000)
  object space 114688K, 0% used [0x0000000719c00000,0x0000000719c00000,0x0000000720c00000)
 Metaspace       used 9498K, capacity 9614K, committed 9728K, reserved 1058816K
  class space    used 1203K, capacity 1243K, committed 1280K, reserved 1048576K
Event: 0.884 GC heap after
Heap after GC invocations=1 (full 0):
 PSYoungGen      total 50176K, used 6306K [0x0000000788980000, 0x000000078eb80000, 0x00000007c0000000)
  eden space 43008K, 0% used [0x0000000788980000,0x0000000788980000,0x000000078b380000)
  from space 7168K, 87% used [0x000000078b380000,0x000000078b9a88a0,0x000000078ba80000)
  to   space 7168K, 0% used [0x000000078e480000,0x000000078e480000,0x000000078eb80000)
 ParOldGen       total 114688K, used 8K [0x0000000719c00000, 0x0000000720c00000, 0x0000000788980000)
  object space 114688K, 0% used [0x0000000719c00000,0x0000000719c02000,0x0000000720c00000)
 Metaspace       used 9498K, capacity 9614K, committed 9728K, reserved 1058816K
  class space    used 1203K, capacity 1243K, committed 1280K, reserved 1048576K
}
Event: 1.596 GC heap before
{Heap before GC invocations=2 (full 0):
 PSYoungGen      total 50176K, used 49314K [0x0000000788980000, 0x000000078eb80000, 0x00000007c0000000)
  eden space 43008K, 100% used [0x0000000788980000,0x000000078b380000,0x000000078b380000)
  from space 7168K, 87% used [0x000000078b380000,0x000000078b9a88a0,0x000000078ba80000)
  to   space 7168K, 0% used [0x000000078e480000,0x000000078e480000,0x000000078eb80000)
 ParOldGen       total 114688K, used 8K [0x0000000719c00000, 0x0000000720c00000, 0x0000000788980000)
  object space 114688K, 0% used [0x0000000719c00000,0x0000000719c02000,0x0000000720c00000)
 Metaspace       used 13803K, capacity 13982K, committed 14080K, reserved 1060864K
  class space    used 1665K, capacity 1731K, committed 1792K, reserved 1048576K
Event: 1.604 GC heap after
Heap after GC invocations=2 (full 0):
 PSYoungGen      total 93184K, used 7158K [0x0000000788980000, 0x000000078eb80000, 0x00000007c0000000)
  eden space 86016K, 0% used [0x0000000788980000,0x0000000788980000,0x000000078dd80000)
  from space 7168K, 99% used [0x000000078e480000,0x000000078eb7d828,0x000000078eb80000)
  to   space 7168K, 0% used [0x000000078dd80000,0x000000078dd80000,0x000000078e480000)
 ParOldGen       total 114688K, used 208K [0x0000000719c00000, 0x0000000720c00000, 0x0000000788980000)
  object space 114688K, 0% used [0x0000000719c00000,0x0000000719c342b8,0x0000000720c00000)
 Metaspace       used 13803K, capacity 13982K, committed 14080K, reserved 1060864K
  class space    used 1665K, capacity 1731K, committed 1792K, reserved 1048576K
}
Event: 3.588 GC heap before
{Heap before GC invocations=3 (full 0):
 PSYoungGen      total 93184K, used 93174K [0x0000000788980000, 0x000000078eb80000, 0x00000007c0000000)
  eden space 86016K, 100% used [0x0000000788980000,0x000000078dd80000,0x000000078dd80000)
  from space 7168K, 99% used [0x000000078e480000,0x000000078eb7d828,0x000000078eb80000)
  to   space 7168K, 0% used [0x000000078dd80000,0x000000078dd80000,0x000000078e480000)
 ParOldGen       total 114688K, used 208K [0x0000000719c00000, 0x0000000720c00000, 0x0000000788980000)
  object space 114688K, 0% used [0x0000000719c00000,0x0000000719c342b8,0x0000000720c00000)
 Metaspace       used 14693K, capacity 14928K, committed 15232K, reserved 1062912K
  class space    used 1732K, capacity 1810K, committed 1920K, reserved 1048576K

