# JRE version: Java(TM) SE Runtime Environment (8.0_171-b11) (build 1.8.0_171-b11)
# Java VM: Java HotSpot(TM) 64-Bit Server VM (25.171-b11 mixed mode linux-amd64 compressed oops)
Heap:
 PSYoungGen      total 96256K, used 9848K [0x0000000788980000, 0x000000078f280000, 0x00000007c0000000)
  eden space 85504K, 0% used [0x0000000788980000,0x0000000788980000,0x000000078dd00000)
  from space 10752K, 91% used [0x000000078dd00000,0x000000078e69e070,0x000000078e780000)
  to   space 10240K, 0% used [0x000000078e780000,0x000000078e780000,0x000000078f180000)
 ParOldGen       total 114688K, used 7827K [0x0000000719c00000, 0x0000000720c00000, 0x0000000788980000)
  object space 114688K, 6% used [0x0000000719c00000,0x000000071a3a4eb8,0x0000000720c00000)
 Metaspace       used 16078K, capacity 16358K, committed 16512K, reserved 1064960K
  class space    used 1835K, capacity 1893K, committed 1920K, reserved 1048576K
GC Heap History (10 events):
Event: 2.429 GC heap after
Heap after GC invocations=2 (full 0):
 PSYoungGen      total 50176K, used 7139K [0x0000000788980000, 0x000000078c180000, 0x00000007c0000000)
  eden space 43008K, 0% used [0x0000000788980000,0x0000000788980000,0x000000078b380000)
  from space 7168K, 99% used [0x000000078ba80000,0x000000078c178ed0,0x000000078c180000)
  to   space 7168K, 0% used [0x000000078b380000,0x000000078b380000,0x000000078ba80000)
 ParOldGen       total 114688K, used 224K [0x0000000719c00000, 0x0000000720c00000, 0x0000000788980000)
  object space 114688K, 0% used [0x0000000719c00000,0x0000000719c383c8,0x0000000720c00000)
 Metaspace       used 13867K, capacity 14046K, committed 14336K, reserved 1062912K
  class space    used 1665K, capacity 1731K, committed 1792K, reserved 1048576K
}
Event: 3.781 GC heap before
{Heap before GC invocations=3 (full 0):
 PSYoungGen      total 50176K, used 50147K [0x0000000788980000, 0x000000078c180000, 0x00000007c0000000)
  eden space 43008K, 100% used [0x0000000788980000,0x000000078b380000,0x000000078b380000)
  from space 7168K, 99% used [0x000000078ba80000,0x000000078c178ed0,0x000000078c180000)
  to   space 7168K, 0% used [0x000000078b380000,0x000000078b380000,0x000000078ba80000)
 ParOldGen       total 114688K, used 224K [0x0000000719c00000, 0x0000000720c00000, 0x0000000788980000)
  object space 114688K, 0% used [0x0000000719c00000,0x0000000719c383c8,0x0000000720c00000)
 Metaspace       used 14588K, capacity 14846K, committed 15232K, reserved 1062912K
  class space    used 1731K, capacity 1807K, committed 1920K, reserved 1048576K
Event: 3.802 GC heap after
Heap after GC invocations=3 (full 0):
 PSYoungGen      total 50176K, used 7154K [0x0000000788980000, 0x000000078c180000, 0x00000007c0000000)
  eden space 43008K, 0% used [0x0000000788980000,0x0000000788980000,0x000000078b380000)
  from space 7168K, 99% used [0x000000078b380000,0x000000078ba7c978,0x000000078ba80000)
  to   space 7168K, 0% used [0x000000078ba80000,0x000000078ba80000,0x000000078c180000)
 ParOldGen       total 114688K, used 273K [0x0000000719c00000, 0x0000000720c00000, 0x0000000788980000)
  object space 114688K, 0% used [0x0000000719c00000,0x0000000719c44608,0x0000000720c00000)
 Metaspace       used 14588K, capacity 14846K, committed 15232K, reserved 1062912K
  class space    used 1731K, capacity 1807K, committed 1920K, reserved 1048576K
}
Event: 4.434 GC heap before
{Heap before GC invocations=4 (full 0):
 PSYoungGen      total 50176K, used 50162K [0x0000000788980000, 0x000000078c180000, 0x00000007c0000000)
  eden space 43008K, 100% used [0x0000000788980000,0x000000078b380000,0x000000078b380000)
  from space 7168K, 99% used [0x000000078b380000,0x000000078ba7c978,0x000000078ba80000)
  to   space 7168K, 0% used [0x000000078ba80000,0x000000078ba80000,0x000000078c180000)
 ParOldGen       total 114688K, used 273K [0x0000000719c00000, 0x0000000720c00000, 0x0000000788980000)
  object space 114688K, 0% used [0x0000000719c00000,0x0000000719c44608,0x0000000720c00000)
 Metaspace       used 14703K, capacity 14928K, committed 15232K, reserved 1062912K
  class space    used 1732K, capacity 1810K, committed 1920K, reserved 1048576K
Event: 4.467 GC heap after
Heap after GC invocations=4 (full 0):
 PSYoungGen      total 50176K, used 7152K [0x0000000788980000, 0x000000078eb80000, 0x00000007c0000000)
  eden space 43008K, 0% used [0x0000000788980000,0x0000000788980000,0x000000078b380000)
  from space 7168K, 99% used [0x000000078ba80000,0x000000078c17c030,0x000000078c180000)
  to   space 7168K, 0% used [0x000000078b380000,0x000000078b380000,0x000000078ba80000)
 ParOldGen       total 114688K, used 3009K [0x0000000719c00000, 0x0000000720c00000, 0x0000000788980000)
  object space 114688K, 2% used [0x0000000719c00000,0x0000000719ef0608,0x0000000720c00000)
 Metaspace       used 14703K, capacity 14928K, committed 15232K, reserved 1062912K
  class space    used 1732K, capacity 1810K, committed 1920K, reserved 1048576K
}
Event: 5.272 GC heap before
{Heap before GC invocations=5 (full 0):
 PSYoungGen      total 50176K, used 50160K [0x0000000788980000, 0x000000078eb80000, 0x00000007c0000000)
  eden space 43008K, 100% used [0x0000000788980000,0x000000078b380000,0x000000078b380000)
  from space 7168K, 99% used [0x000000078ba80000,0x000000078c17c030,0x000000078c180000)
  to   space 7168K, 0% used [0x000000078b380000,0x000000078b380000,0x000000078ba80000)
 ParOldGen       total 114688K, used 3009K [0x0000000719c00000, 0x0000000720c00000, 0x0000000788980000)
  object space 114688K, 2% used [0x0000000719c00000,0x0000000719ef0608,0x0000000720c00000)
 Metaspace       used 14870K, capacity 15126K, committed 15488K, reserved 1062912K
  class space    used 1733K, capacity 1811K, committed 1920K, reserved 1048576K
Event: 5.287 GC heap after
Heap after GC invocations=5 (full 0):
 PSYoungGen      total 50176K, used 7136K [0x0000000788980000, 0x000000078f180000, 0x00000007c0000000)
  eden space 43008K, 0% used [0x0000000788980000,0x0000000788980000,0x000000078b380000)
  from space 7168K, 99% used [0x000000078b380000,0x000000078ba78020,0x000000078ba80000)
  to   space 10240K, 0% used [0x000000078e780000,0x000000078e780000,0x000000078f180000)
 ParOldGen       total 114688K, used 4441K [0x0000000719c00000, 0x0000000720c00000, 0x0000000788980000)
  object space 114688K, 3% used [0x0000000719c00000,0x000000071a056618,0x0000000720c00000)
 Metaspace       used 14870K, capacity 15126K, committed 15488K, reserved 1062912K
  class space    used 1733K, capacity 1811K, committed 1920K, reserved 1048576K
}
Event: 6.495 GC heap before
{Heap before GC invocations=6 (full 0):
 PSYoungGen      total 50176K, used 50144K [0x0000000788980000, 0x000000078f180000, 0x00000007c0000000)
  eden space 43008K, 100% used [0x0000000788980000,0x000000078b380000,0x000000078b380000)
  from space 7168K, 99% used [0x000000078b380000,0x000000078ba78020,0x000000078ba80000)
  to   space 10240K, 0% used [0x000000078e780000,0x000000078e780000,0x000000078f180000)
 ParOldGen       total 114688K, used 4441K [0x0000000719c00000, 0x0000000720c00000, 0x0000000788980000)
  object space 114688K, 3% used [0x0000000719c00000,0x000000071a056618,0x0000000720c00000)
 Metaspace       used 15155K, capacity 15394K, committed 15744K, reserved 1062912K
  class space    used 1735K, capacity 1813K, committed 1920K, reserved 1048576K
Event: 6.515 GC heap after
Heap after GC invocations=6 (full 0):
 PSYoungGen      total 95744K, used 9104K [0x0000000788980000, 0x000000078f280000, 0x00000007c0000000)
  eden space 85504K, 0% used [0x0000000788980000,0x0000000788980000,0x000000078dd00000)
  from space 10240K, 88% used [0x000000078e780000,0x000000078f064030,0x000000078f180000)
  to   space 10752K, 0% used [0x000000078dd00000,0x000000078dd00000,0x000000078e780000)
 ParOldGen       total 114688K, used 4449K [0x0000000719c00000, 0x0000000720c00000, 0x0000000788980000)
  object space 114688K, 3% used [0x0000000719c00000,0x000000071a058618,0x0000000720c00000)
 Metaspace       used 15155K, capacity 15394K, committed 15744K, reserved 1062912K
  class space    used 1735K, capacity 1813K, committed 1920K, reserved 1048576K
}
Event: 8.222 GC heap before
{Heap before GC invocations=7 (full 0):
 PSYoungGen      total 95744K, used 94608K [0x0000000788980000, 0x000000078f280000, 0x00000007c0000000)
  eden space 85504K, 100% used [0x0000000788980000,0x000000078dd00000,0x000000078dd00000)
  from space 10240K, 88% used [0x000000078e780000,0x000000078f064030,0x000000078f180000)
  to   space 10752K, 0% used [0x000000078dd00000,0x000000078dd00000,0x000000078e780000)
 ParOldGen       total 114688K, used 4449K [0x0000000719c00000, 0x0000000720c00000, 0x0000000788980000)
  object space 114688K, 3% used [0x0000000719c00000,0x000000071a058618,0x0000000720c00000)
 Metaspace       used 16078K, capacity 16358K, committed 16512K, reserved 1064960K
  class space    used 1835K, capacity 1893K, committed 1920K, reserved 1048576K

