# JRE version: Java(TM) SE Runtime Environment (8.0_171-b11) (build 1.8.0_171-b11)
# Java VM: Java HotSpot(TM) 64-Bit Server VM (25.171-b11 mixed mode linux-amd64 compressed oops)
Heap:
 PSYoungGen      total 190464K, used 0K [0x0000000789980000, 0x0000000798280000, 0x00000007c0000000)
  eden space 171520K, 0% used [0x0000000789980000,0x0000000789980000,0x0000000794100000)
  from space 18944K, 0% used [0x0000000794100000,0x0000000794100000,0x0000000795380000)
  to   space 17920K, 0% used [0x0000000797100000,0x0000000797100000,0x0000000798280000)
 ParOldGen       total 158208K, used 72949K [0x000000071cc00000, 0x0000000726680000, 0x0000000789980000)
  object space 158208K, 46% used [0x000000071cc00000,0x000000072133d438,0x0000000726680000)
 Metaspace       used 57850K, capacity 58784K, committed 59008K, reserved 1101824K
  class space    used 6926K, capacity 7177K, committed 7296K, reserved 1048576K
GC Heap History (10 events):
Event: 61.719 GC heap after
Heap after GC invocations=21 (full 2):
 PSYoungGen      total 144896K, used 11717K [0x0000000789980000, 0x0000000794e80000, 0x00000007c0000000)
  eden space 124416K, 0% used [0x0000000789980000,0x0000000789980000,0x0000000791300000)
  from space 20480K, 57% used [0x0000000791300000,0x0000000791e717a0,0x0000000792700000)
  to   space 20480K, 0% used [0x0000000793a80000,0x0000000793a80000,0x0000000794e80000)
 ParOldGen       total 158208K, used 54551K [0x000000071cc00000, 0x0000000726680000, 0x0000000789980000)
  object space 158208K, 34% used [0x000000071cc00000,0x0000000720145ca0,0x0000000726680000)
 Metaspace       used 46876K, capacity 47698K, committed 47872K, reserved 1091584K
  class space    used 5596K, capacity 5852K, committed 5888K, reserved 1048576K
}
Event: 62.759 GC heap before
{Heap before GC invocations=22 (full 2):
 PSYoungGen      total 144896K, used 136133K [0x0000000789980000, 0x0000000794e80000, 0x00000007c0000000)
  eden space 124416K, 100% used [0x0000000789980000,0x0000000791300000,0x0000000791300000)
  from space 20480K, 57% used [0x0000000791300000,0x0000000791e717a0,0x0000000792700000)
  to   space 20480K, 0% used [0x0000000793a80000,0x0000000793a80000,0x0000000794e80000)
 ParOldGen       total 158208K, used 54551K [0x000000071cc00000, 0x0000000726680000, 0x0000000789980000)
  object space 158208K, 34% used [0x000000071cc00000,0x0000000720145ca0,0x0000000726680000)
 Metaspace       used 48565K, capacity 49430K, committed 49664K, reserved 1093632K
  class space    used 5830K, capacity 6082K, committed 6144K, reserved 1048576K
Event: 62.794 GC heap after
Heap after GC invocations=22 (full 2):
 PSYoungGen      total 164352K, used 13220K [0x0000000789980000, 0x0000000795600000, 0x00000007c0000000)
  eden space 143872K, 0% used [0x0000000789980000,0x0000000789980000,0x0000000792600000)
  from space 20480K, 64% used [0x0000000793a80000,0x0000000794769348,0x0000000794e80000)
  to   space 20992K, 0% used [0x0000000792600000,0x0000000792600000,0x0000000793a80000)
 ParOldGen       total 158208K, used 54559K [0x000000071cc00000, 0x0000000726680000, 0x0000000789980000)
  object space 158208K, 34% used [0x000000071cc00000,0x0000000720147ca0,0x0000000726680000)
 Metaspace       used 48565K, capacity 49430K, committed 49664K, reserved 1093632K
  class space    used 5830K, capacity 6082K, committed 6144K, reserved 1048576K
}
Event: 65.539 GC heap before
{Heap before GC invocations=23 (full 2):
 PSYoungGen      total 164352K, used 157092K [0x0000000789980000, 0x0000000795600000, 0x00000007c0000000)
  eden space 143872K, 100% used [0x0000000789980000,0x0000000792600000,0x0000000792600000)
  from space 20480K, 64% used [0x0000000793a80000,0x0000000794769348,0x0000000794e80000)
  to   space 20992K, 0% used [0x0000000792600000,0x0000000792600000,0x0000000793a80000)
 ParOldGen       total 158208K, used 54559K [0x000000071cc00000, 0x0000000726680000, 0x0000000789980000)
  object space 158208K, 34% used [0x000000071cc00000,0x0000000720147ca0,0x0000000726680000)
 Metaspace       used 53230K, capacity 54158K, committed 54528K, reserved 1097728K
  class space    used 6378K, capacity 6630K, committed 6656K, reserved 1048576K
Event: 65.580 GC heap after
Heap after GC invocations=23 (full 2):
 PSYoungGen      total 164864K, used 8520K [0x0000000789980000, 0x0000000796a80000, 0x00000007c0000000)
  eden space 143872K, 0% used [0x0000000789980000,0x0000000789980000,0x0000000792600000)
  from space 20992K, 40% used [0x0000000792600000,0x0000000792e522c0,0x0000000793a80000)
  to   space 19968K, 0% used [0x0000000795700000,0x0000000795700000,0x0000000796a80000)
 ParOldGen       total 158208K, used 62585K [0x000000071cc00000, 0x0000000726680000, 0x0000000789980000)
  object space 158208K, 39% used [0x000000071cc00000,0x000000072091e588,0x0000000726680000)
 Metaspace       used 53230K, capacity 54158K, committed 54528K, reserved 1097728K
  class space    used 6378K, capacity 6630K, committed 6656K, reserved 1048576K
}
Event: 69.193 GC heap before
{Heap before GC invocations=24 (full 2):
 PSYoungGen      total 164864K, used 152392K [0x0000000789980000, 0x0000000796a80000, 0x00000007c0000000)
  eden space 143872K, 100% used [0x0000000789980000,0x0000000792600000,0x0000000792600000)
  from space 20992K, 40% used [0x0000000792600000,0x0000000792e522c0,0x0000000793a80000)
  to   space 19968K, 0% used [0x0000000795700000,0x0000000795700000,0x0000000796a80000)
 ParOldGen       total 158208K, used 62585K [0x000000071cc00000, 0x0000000726680000, 0x0000000789980000)
  object space 158208K, 39% used [0x000000071cc00000,0x000000072091e588,0x0000000726680000)
 Metaspace       used 55154K, capacity 56104K, committed 56320K, reserved 1099776K
  class space    used 6633K, capacity 6901K, committed 6912K, reserved 1048576K
Event: 69.237 GC heap after
Heap after GC invocations=24 (full 2):
 PSYoungGen      total 186880K, used 8986K [0x0000000789980000, 0x0000000796600000, 0x00000007c0000000)
  eden space 171520K, 0% used [0x0000000789980000,0x0000000789980000,0x0000000794100000)
  from space 15360K, 58% used [0x0000000795700000,0x0000000795fc6990,0x0000000796600000)
  to   space 18944K, 0% used [0x0000000794100000,0x0000000794100000,0x0000000795380000)
 ParOldGen       total 158208K, used 64013K [0x000000071cc00000, 0x0000000726680000, 0x0000000789980000)
  object space 158208K, 40% used [0x000000071cc00000,0x0000000720a835b8,0x0000000726680000)
 Metaspace       used 55154K, capacity 56104K, committed 56320K, reserved 1099776K
  class space    used 6633K, capacity 6901K, committed 6912K, reserved 1048576K
}
Event: 113.913 GC heap before
{Heap before GC invocations=25 (full 2):
 PSYoungGen      total 186880K, used 136883K [0x0000000789980000, 0x0000000796600000, 0x00000007c0000000)
  eden space 171520K, 74% used [0x0000000789980000,0x0000000791666328,0x0000000794100000)
  from space 15360K, 58% used [0x0000000795700000,0x0000000795fc6990,0x0000000796600000)
  to   space 18944K, 0% used [0x0000000794100000,0x0000000794100000,0x0000000795380000)
 ParOldGen       total 158208K, used 64013K [0x000000071cc00000, 0x0000000726680000, 0x0000000789980000)
  object space 158208K, 40% used [0x000000071cc00000,0x0000000720a835b8,0x0000000726680000)
 Metaspace       used 57850K, capacity 58784K, committed 59008K, reserved 1101824K
  class space    used 6926K, capacity 7177K, committed 7296K, reserved 1048576K
Event: 114.442 GC heap after
Heap after GC invocations=25 (full 2):
 PSYoungGen      total 190464K, used 8944K [0x0000000789980000, 0x0000000798280000, 0x00000007c0000000)
  eden space 171520K, 0% used [0x0000000789980000,0x0000000789980000,0x0000000794100000)
  from space 18944K, 47% used [0x0000000794100000,0x00000007949bc2a8,0x0000000795380000)
  to   space 17920K, 0% used [0x0000000797100000,0x0000000797100000,0x0000000798280000)
 ParOldGen       total 158208K, used 67353K [0x000000071cc00000, 0x0000000726680000, 0x0000000789980000)
  object space 158208K, 42% used [0x000000071cc00000,0x0000000720dc64a8,0x0000000726680000)
 Metaspace       used 57850K, capacity 58784K, committed 59008K, reserved 1101824K
  class space    used 6926K, capacity 7177K, committed 7296K, reserved 1048576K
}
Event: 114.451 GC heap before
{Heap before GC invocations=26 (full 3):
 PSYoungGen      total 190464K, used 8944K [0x0000000789980000, 0x0000000798280000, 0x00000007c0000000)
  eden space 171520K, 0% used [0x0000000789980000,0x0000000789980000,0x0000000794100000)
  from space 18944K, 47% used [0x0000000794100000,0x00000007949bc2a8,0x0000000795380000)
  to   space 17920K, 0% used [0x0000000797100000,0x0000000797100000,0x0000000798280000)
 ParOldGen       total 158208K, used 67353K [0x000000071cc00000, 0x0000000726680000, 0x0000000789980000)
  object space 158208K, 42% used [0x000000071cc00000,0x0000000720dc64a8,0x0000000726680000)
 Metaspace       used 57850K, capacity 58784K, committed 59008K, reserved 1101824K
  class space    used 6926K, capacity 7177K, committed 7296K, reserved 1048576K

